<?xml version="1.0" encoding="UTF-8"?>
<testsuite xmlns:xsi="http://www.w3.org/2001/XMLSchema-instance" xsi:noNamespaceSchemaLocation="https://maven.apache.org/surefire/maven-surefire-plugin/xsd/surefire-test-report.xsd" name="pt.ua.deti.es.p34.CucumberTest" time="16.082" tests="9" errors="0" skipped="6" failures="0">
  <properties>
    <property name="java.specification.version" value="14"/>
    <property name="sun.jnu.encoding" value="UTF-8"/>
    <property name="java.class.path" value="/home/calexandra/git/es-2019-2020-p34/bestpath/target/test-classes:/home/calexandra/git/es-2019-2020-p34/bestpath/target/classes:/home/calexandra/.m2/repository/org/seleniumhq/selenium/selenium-java/4.0.0-alpha-5/selenium-java-4.0.0-alpha-5.jar:/home/calexandra/.m2/repository/org/seleniumhq/selenium/selenium-api/3.141.59/selenium-api-3.141.59.jar:/home/calexandra/.m2/repository/org/seleniumhq/selenium/selenium-chrome-driver/3.141.59/selenium-chrome-driver-3.141.59.jar:/home/calexandra/.m2/repository/net/bytebuddy/byte-buddy/1.10.8/byte-buddy-1.10.8.jar:/home/calexandra/.m2/repository/org/apache/commons/commons-exec/1.3/commons-exec-1.3.jar:/home/calexandra/.m2/repository/com/google/guava/guava/25.0-jre/guava-25.0-jre.jar:/home/calexandra/.m2/repository/com/google/code/findbugs/jsr305/1.3.9/jsr305-1.3.9.jar:/home/calexandra/.m2/repository/org/checkerframework/checker-compat-qual/2.0.0/checker-compat-qual-2.0.0.jar:/home/calexandra/.m2/repository/com/google/errorprone/error_prone_annotations/2.1.3/error_prone_annotations-2.1.3.jar:/home/calexandra/.m2/repository/com/google/j2objc/j2objc-annotations/1.1/j2objc-annotations-1.1.jar:/home/calexandra/.m2/repository/org/codehaus/mojo/animal-sniffer-annotations/1.14/animal-sniffer-annotations-1.14.jar:/home/calexandra/.m2/repository/com/squareup/okhttp3/okhttp/3.14.7/okhttp-3.14.7.jar:/home/calexandra/.m2/repository/com/squareup/okio/okio/1.14.0/okio-1.14.0.jar:/home/calexandra/.m2/repository/org/seleniumhq/selenium/selenium-edge-driver/3.141.59/selenium-edge-driver-3.141.59.jar:/home/calexandra/.m2/repository/org/seleniumhq/selenium/selenium-edgehtml-driver/4.0.0-alpha-5/selenium-edgehtml-driver-4.0.0-alpha-5.jar:/home/calexandra/.m2/repository/com/google/auto/service/auto-service-annotations/1.0-rc6/auto-service-annotations-1.0-rc6.jar:/home/calexandra/.m2/repository/com/google/auto/service/auto-service/1.0-rc6/auto-service-1.0-rc6.jar:/home/calexandra/.m2/repository/com/google/auto/auto-common/0.10/auto-common-0.10.jar:/home/calexandra/.m2/repository/org/seleniumhq/selenium/selenium-firefox-driver/3.141.59/selenium-firefox-driver-3.141.59.jar:/home/calexandra/.m2/repository/org/seleniumhq/selenium/selenium-firefox-xpi-driver/4.0.0-alpha-5/selenium-firefox-xpi-driver-4.0.0-alpha-5.jar:/home/calexandra/.m2/repository/org/seleniumhq/selenium/selenium-ie-driver/3.141.59/selenium-ie-driver-3.141.59.jar:/home/calexandra/.m2/repository/org/seleniumhq/selenium/selenium-opera-driver/3.141.59/selenium-opera-driver-3.141.59.jar:/home/calexandra/.m2/repository/org/seleniumhq/selenium/selenium-remote-driver/3.141.59/selenium-remote-driver-3.141.59.jar:/home/calexandra/.m2/repository/org/seleniumhq/selenium/selenium-safari-driver/3.141.59/selenium-safari-driver-3.141.59.jar:/home/calexandra/.m2/repository/org/seleniumhq/selenium/selenium-support/3.141.59/selenium-support-3.141.59.jar:/home/calexandra/.m2/repository/org/springframework/boot/spring-boot-starter-web/2.2.6.RELEASE/spring-boot-starter-web-2.2.6.RELEASE.jar:/home/calexandra/.m2/repository/org/springframework/boot/spring-boot-starter/2.2.6.RELEASE/spring-boot-starter-2.2.6.RELEASE.jar:/home/calexandra/.m2/repository/org/springframework/boot/spring-boot/2.2.6.RELEASE/spring-boot-2.2.6.RELEASE.jar:/home/calexandra/.m2/repository/org/springframework/boot/spring-boot-autoconfigure/2.2.6.RELEASE/spring-boot-autoconfigure-2.2.6.RELEASE.jar:/home/calexandra/.m2/repository/org/springframework/boot/spring-boot-starter-logging/2.2.6.RELEASE/spring-boot-starter-logging-2.2.6.RELEASE.jar:/home/calexandra/.m2/repository/ch/qos/logback/logback-classic/1.2.3/logback-classic-1.2.3.jar:/home/calexandra/.m2/repository/ch/qos/logback/logback-core/1.2.3/logback-core-1.2.3.jar:/home/calexandra/.m2/repository/org/apache/logging/log4j/log4j-to-slf4j/2.12.1/log4j-to-slf4j-2.12.1.jar:/home/calexandra/.m2/repository/org/apache/logging/log4j/log4j-api/2.12.1/log4j-api-2.12.1.jar:/home/calexandra/.m2/repository/org/slf4j/jul-to-slf4j/1.7.30/jul-to-slf4j-1.7.30.jar:/home/calexandra/.m2/repository/jakarta/annotation/jakarta.annotation-api/1.3.5/jakarta.annotation-api-1.3.5.jar:/home/calexandra/.m2/repository/org/yaml/snakeyaml/1.25/snakeyaml-1.25.jar:/home/calexandra/.m2/repository/org/springframework/boot/spring-boot-starter-json/2.2.6.RELEASE/spring-boot-starter-json-2.2.6.RELEASE.jar:/home/calexandra/.m2/repository/com/fasterxml/jackson/core/jackson-databind/2.10.3/jackson-databind-2.10.3.jar:/home/calexandra/.m2/repository/com/fasterxml/jackson/core/jackson-annotations/2.10.3/jackson-annotations-2.10.3.jar:/home/calexandra/.m2/repository/com/fasterxml/jackson/datatype/jackson-datatype-jdk8/2.10.3/jackson-datatype-jdk8-2.10.3.jar:/home/calexandra/.m2/repository/com/fasterxml/jackson/datatype/jackson-datatype-jsr310/2.10.3/jackson-datatype-jsr310-2.10.3.jar:/home/calexandra/.m2/repository/com/fasterxml/jackson/module/jackson-module-parameter-names/2.10.3/jackson-module-parameter-names-2.10.3.jar:/home/calexandra/.m2/repository/org/springframework/boot/spring-boot-starter-tomcat/2.2.6.RELEASE/spring-boot-starter-tomcat-2.2.6.RELEASE.jar:/home/calexandra/.m2/repository/org/apache/tomcat/embed/tomcat-embed-core/9.0.33/tomcat-embed-core-9.0.33.jar:/home/calexandra/.m2/repository/org/apache/tomcat/embed/tomcat-embed-el/9.0.33/tomcat-embed-el-9.0.33.jar:/home/calexandra/.m2/repository/org/apache/tomcat/embed/tomcat-embed-websocket/9.0.33/tomcat-embed-websocket-9.0.33.jar:/home/calexandra/.m2/repository/org/springframework/boot/spring-boot-starter-validation/2.2.6.RELEASE/spring-boot-starter-validation-2.2.6.RELEASE.jar:/home/calexandra/.m2/repository/jakarta/validation/jakarta.validation-api/2.0.2/jakarta.validation-api-2.0.2.jar:/home/calexandra/.m2/repository/org/hibernate/validator/hibernate-validator/6.0.18.Final/hibernate-validator-6.0.18.Final.jar:/home/calexandra/.m2/repository/org/jboss/logging/jboss-logging/3.4.1.Final/jboss-logging-3.4.1.Final.jar:/home/calexandra/.m2/repository/com/fasterxml/classmate/1.5.1/classmate-1.5.1.jar:/home/calexandra/.m2/repository/org/springframework/spring-web/5.2.5.RELEASE/spring-web-5.2.5.RELEASE.jar:/home/calexandra/.m2/repository/org/springframework/spring-webmvc/5.2.5.RELEASE/spring-webmvc-5.2.5.RELEASE.jar:/home/calexandra/.m2/repository/org/springframework/spring-aop/5.2.5.RELEASE/spring-aop-5.2.5.RELEASE.jar:/home/calexandra/.m2/repository/org/springframework/spring-expression/5.2.5.RELEASE/spring-expression-5.2.5.RELEASE.jar:/home/calexandra/.m2/repository/javax/cache/cache-api/1.1.1/cache-api-1.1.1.jar:/home/calexandra/.m2/repository/org/springframework/boot/spring-boot-starter-thymeleaf/2.2.6.RELEASE/spring-boot-starter-thymeleaf-2.2.6.RELEASE.jar:/home/calexandra/.m2/repository/org/thymeleaf/thymeleaf-spring5/3.0.11.RELEASE/thymeleaf-spring5-3.0.11.RELEASE.jar:/home/calexandra/.m2/repository/org/thymeleaf/thymeleaf/3.0.11.RELEASE/thymeleaf-3.0.11.RELEASE.jar:/home/calexandra/.m2/repository/org/attoparser/attoparser/2.0.5.RELEASE/attoparser-2.0.5.RELEASE.jar:/home/calexandra/.m2/repository/org/unbescape/unbescape/1.1.6.RELEASE/unbescape-1.1.6.RELEASE.jar:/home/calexandra/.m2/repository/org/thymeleaf/extras/thymeleaf-extras-java8time/3.0.4.RELEASE/thymeleaf-extras-java8time-3.0.4.RELEASE.jar:/home/calexandra/.m2/repository/org/springframework/boot/spring-boot-starter-test/2.2.6.RELEASE/spring-boot-starter-test-2.2.6.RELEASE.jar:/home/calexandra/.m2/repository/org/springframework/boot/spring-boot-test/2.2.6.RELEASE/spring-boot-test-2.2.6.RELEASE.jar:/home/calexandra/.m2/repository/org/springframework/boot/spring-boot-test-autoconfigure/2.2.6.RELEASE/spring-boot-test-autoconfigure-2.2.6.RELEASE.jar:/home/calexandra/.m2/repository/com/jayway/jsonpath/json-path/2.4.0/json-path-2.4.0.jar:/home/calexandra/.m2/repository/net/minidev/json-smart/2.3/json-smart-2.3.jar:/home/calexandra/.m2/repository/net/minidev/accessors-smart/1.2/accessors-smart-1.2.jar:/home/calexandra/.m2/repository/org/ow2/asm/asm/5.0.4/asm-5.0.4.jar:/home/calexandra/.m2/repository/jakarta/xml/bind/jakarta.xml.bind-api/2.3.3/jakarta.xml.bind-api-2.3.3.jar:/home/calexandra/.m2/repository/jakarta/activation/jakarta.activation-api/1.2.2/jakarta.activation-api-1.2.2.jar:/home/calexandra/.m2/repository/org/junit/jupiter/junit-jupiter/5.5.2/junit-jupiter-5.5.2.jar:/home/calexandra/.m2/repository/org/junit/jupiter/junit-jupiter-api/5.5.2/junit-jupiter-api-5.5.2.jar:/home/calexandra/.m2/repository/org/opentest4j/opentest4j/1.2.0/opentest4j-1.2.0.jar:/home/calexandra/.m2/repository/org/junit/platform/junit-platform-commons/1.5.2/junit-platform-commons-1.5.2.jar:/home/calexandra/.m2/repository/org/junit/jupiter/junit-jupiter-params/5.5.2/junit-jupiter-params-5.5.2.jar:/home/calexandra/.m2/repository/org/junit/jupiter/junit-jupiter-engine/5.5.2/junit-jupiter-engine-5.5.2.jar:/home/calexandra/.m2/repository/org/junit/vintage/junit-vintage-engine/5.5.2/junit-vintage-engine-5.5.2.jar:/home/calexandra/.m2/repository/org/apiguardian/apiguardian-api/1.1.0/apiguardian-api-1.1.0.jar:/home/calexandra/.m2/repository/org/junit/platform/junit-platform-engine/1.5.2/junit-platform-engine-1.5.2.jar:/home/calexandra/.m2/repository/org/mockito/mockito-junit-jupiter/3.1.0/mockito-junit-jupiter-3.1.0.jar:/home/calexandra/.m2/repository/org/assertj/assertj-core/3.13.2/assertj-core-3.13.2.jar:/home/calexandra/.m2/repository/org/hamcrest/hamcrest/2.1/hamcrest-2.1.jar:/home/calexandra/.m2/repository/org/mockito/mockito-core/3.1.0/mockito-core-3.1.0.jar:/home/calexandra/.m2/repository/net/bytebuddy/byte-buddy-agent/1.10.8/byte-buddy-agent-1.10.8.jar:/home/calexandra/.m2/repository/org/objenesis/objenesis/2.6/objenesis-2.6.jar:/home/calexandra/.m2/repository/org/skyscreamer/jsonassert/1.5.0/jsonassert-1.5.0.jar:/home/calexandra/.m2/repository/com/vaadin/external/google/android-json/0.0.20131108.vaadin1/android-json-0.0.20131108.vaadin1.jar:/home/calexandra/.m2/repository/org/springframework/spring-core/5.2.5.RELEASE/spring-core-5.2.5.RELEASE.jar:/home/calexandra/.m2/repository/org/springframework/spring-jcl/5.2.5.RELEASE/spring-jcl-5.2.5.RELEASE.jar:/home/calexandra/.m2/repository/org/springframework/spring-test/5.2.5.RELEASE/spring-test-5.2.5.RELEASE.jar:/home/calexandra/.m2/repository/org/xmlunit/xmlunit-core/2.6.4/xmlunit-core-2.6.4.jar:/home/calexandra/.m2/repository/io/cucumber/cucumber-junit/4.2.0/cucumber-junit-4.2.0.jar:/home/calexandra/.m2/repository/io/cucumber/cucumber-core/4.2.0/cucumber-core-4.2.0.jar:/home/calexandra/.m2/repository/io/cucumber/cucumber-html/0.2.7/cucumber-html-0.2.7.jar:/home/calexandra/.m2/repository/io/cucumber/gherkin/5.1.0/gherkin-5.1.0.jar:/home/calexandra/.m2/repository/io/cucumber/tag-expressions/1.1.1/tag-expressions-1.1.1.jar:/home/calexandra/.m2/repository/io/cucumber/cucumber-expressions/6.2.0/cucumber-expressions-6.2.0.jar:/home/calexandra/.m2/repository/io/cucumber/datatable/1.1.7/datatable-1.1.7.jar:/home/calexandra/.m2/repository/io/cucumber/datatable-dependencies/1.1.7/datatable-dependencies-1.1.7.jar:/home/calexandra/.m2/repository/junit/junit/4.12/junit-4.12.jar:/home/calexandra/.m2/repository/org/hamcrest/hamcrest-core/2.1/hamcrest-core-2.1.jar:/home/calexandra/.m2/repository/io/cucumber/cucumber-java8/4.2.0/cucumber-java8-4.2.0.jar:/home/calexandra/.m2/repository/io/cucumber/cucumber-java/4.2.0/cucumber-java-4.2.0.jar:/home/calexandra/.m2/repository/net/jodah/typetools/0.5.0/typetools-0.5.0.jar:/home/calexandra/.m2/repository/io/cucumber/cucumber-spring/4.2.0/cucumber-spring-4.2.0.jar:/home/calexandra/.m2/repository/com/fasterxml/jackson/core/jackson-core/2.11.0/jackson-core-2.11.0.jar:/home/calexandra/.m2/repository/org/ehcache/ehcache/3.8.1/ehcache-3.8.1.jar:/home/calexandra/.m2/repository/org/slf4j/slf4j-api/1.7.30/slf4j-api-1.7.30.jar:/home/calexandra/.m2/repository/org/glassfish/jaxb/jaxb-runtime/2.3.2/jaxb-runtime-2.3.2.jar:/home/calexandra/.m2/repository/org/glassfish/jaxb/txw2/2.3.2/txw2-2.3.2.jar:/home/calexandra/.m2/repository/com/sun/istack/istack-commons-runtime/3.0.8/istack-commons-runtime-3.0.8.jar:/home/calexandra/.m2/repository/org/jvnet/staxex/stax-ex/1.8.1/stax-ex-1.8.1.jar:/home/calexandra/.m2/repository/com/sun/xml/fastinfoset/FastInfoset/1.2.16/FastInfoset-1.2.16.jar:/home/calexandra/.m2/repository/org/springframework/boot/spring-boot-starter-cache/2.2.6.RELEASE/spring-boot-starter-cache-2.2.6.RELEASE.jar:/home/calexandra/.m2/repository/org/springframework/spring-context-support/5.2.5.RELEASE/spring-context-support-5.2.5.RELEASE.jar:/home/calexandra/.m2/repository/org/postgresql/postgresql/42.2.12/postgresql-42.2.12.jar:/home/calexandra/.m2/repository/org/seleniumhq/selenium/htmlunit-driver/2.40.0/htmlunit-driver-2.40.0.jar:/home/calexandra/.m2/repository/net/sourceforge/htmlunit/htmlunit/2.36.0/htmlunit-2.36.0.jar:/home/calexandra/.m2/repository/xalan/xalan/2.7.2/xalan-2.7.2.jar:/home/calexandra/.m2/repository/xalan/serializer/2.7.2/serializer-2.7.2.jar:/home/calexandra/.m2/repository/org/apache/commons/commons-lang3/3.9/commons-lang3-3.9.jar:/home/calexandra/.m2/repository/org/apache/commons/commons-text/1.7/commons-text-1.7.jar:/home/calexandra/.m2/repository/org/apache/httpcomponents/httpmime/4.5.12/httpmime-4.5.12.jar:/home/calexandra/.m2/repository/org/apache/httpcomponents/httpclient/4.5.12/httpclient-4.5.12.jar:/home/calexandra/.m2/repository/org/apache/httpcomponents/httpcore/4.4.13/httpcore-4.4.13.jar:/home/calexandra/.m2/repository/commons-codec/commons-codec/1.13/commons-codec-1.13.jar:/home/calexandra/.m2/repository/net/sourceforge/htmlunit/htmlunit-core-js/2.36.0/htmlunit-core-js-2.36.0.jar:/home/calexandra/.m2/repository/net/sourceforge/htmlunit/neko-htmlunit/2.36.0/neko-htmlunit-2.36.0.jar:/home/calexandra/.m2/repository/xerces/xercesImpl/2.12.0/xercesImpl-2.12.0.jar:/home/calexandra/.m2/repository/xml-apis/xml-apis/1.4.01/xml-apis-1.4.01.jar:/home/calexandra/.m2/repository/net/sourceforge/htmlunit/htmlunit-cssparser/1.5.0/htmlunit-cssparser-1.5.0.jar:/home/calexandra/.m2/repository/commons-io/commons-io/2.6/commons-io-2.6.jar:/home/calexandra/.m2/repository/commons-net/commons-net/3.6/commons-net-3.6.jar:/home/calexandra/.m2/repository/org/brotli/dec/0.1.2/dec-0.1.2.jar:/home/calexandra/.m2/repository/org/eclipse/jetty/websocket/websocket-client/9.4.27.v20200227/websocket-client-9.4.27.v20200227.jar:/home/calexandra/.m2/repository/org/eclipse/jetty/jetty-client/9.4.27.v20200227/jetty-client-9.4.27.v20200227.jar:/home/calexandra/.m2/repository/org/eclipse/jetty/jetty-http/9.4.27.v20200227/jetty-http-9.4.27.v20200227.jar:/home/calexandra/.m2/repository/org/eclipse/jetty/jetty-xml/9.4.27.v20200227/jetty-xml-9.4.27.v20200227.jar:/home/calexandra/.m2/repository/org/eclipse/jetty/jetty-util/9.4.27.v20200227/jetty-util-9.4.27.v20200227.jar:/home/calexandra/.m2/repository/org/eclipse/jetty/jetty-io/9.4.27.v20200227/jetty-io-9.4.27.v20200227.jar:/home/calexandra/.m2/repository/org/eclipse/jetty/websocket/websocket-common/9.4.27.v20200227/websocket-common-9.4.27.v20200227.jar:/home/calexandra/.m2/repository/org/eclipse/jetty/websocket/websocket-api/9.4.27.v20200227/websocket-api-9.4.27.v20200227.jar:/home/calexandra/.m2/repository/org/w3c/css/sac/1.3/sac-1.3.jar:/home/calexandra/.m2/repository/org/springframework/cloud/spring-cloud-stream/3.0.5.RELEASE/spring-cloud-stream-3.0.5.RELEASE.jar:/home/calexandra/.m2/repository/org/springframework/integration/spring-integration-core/5.2.5.RELEASE/spring-integration-core-5.2.5.RELEASE.jar:/home/calexandra/.m2/repository/io/projectreactor/reactor-core/3.3.4.RELEASE/reactor-core-3.3.4.RELEASE.jar:/home/calexandra/.m2/repository/org/reactivestreams/reactive-streams/1.0.3/reactive-streams-1.0.3.jar:/home/calexandra/.m2/repository/org/springframework/spring-tx/5.2.5.RELEASE/spring-tx-5.2.5.RELEASE.jar:/home/calexandra/.m2/repository/org/springframework/integration/spring-integration-jmx/5.2.5.RELEASE/spring-integration-jmx-5.2.5.RELEASE.jar:/home/calexandra/.m2/repository/org/springframework/retry/spring-retry/1.2.5.RELEASE/spring-retry-1.2.5.RELEASE.jar:/home/calexandra/.m2/repository/org/springframework/cloud/spring-cloud-function-context/3.0.7.RELEASE/spring-cloud-function-context-3.0.7.RELEASE.jar:/home/calexandra/.m2/repository/org/springframework/cloud/spring-cloud-function-core/3.0.7.RELEASE/spring-cloud-function-core-3.0.7.RELEASE.jar:/home/calexandra/.m2/repository/javax/annotation/javax.annotation-api/1.3.2/javax.annotation-api-1.3.2.jar:/home/calexandra/.m2/repository/org/springframework/cloud/spring-cloud-starter-stream-kafka/3.0.5.RELEASE/spring-cloud-starter-stream-kafka-3.0.5.RELEASE.jar:/home/calexandra/.m2/repository/org/springframework/cloud/spring-cloud-stream-binder-kafka/3.0.5.RELEASE/spring-cloud-stream-binder-kafka-3.0.5.RELEASE.jar:/home/calexandra/.m2/repository/org/springframework/cloud/spring-cloud-stream-binder-kafka-core/3.0.5.RELEASE/spring-cloud-stream-binder-kafka-core-3.0.5.RELEASE.jar:/home/calexandra/.m2/repository/org/springframework/integration/spring-integration-kafka/3.2.1.RELEASE/spring-integration-kafka-3.2.1.RELEASE.jar:/home/calexandra/.m2/repository/org/apache/kafka/kafka-clients/2.3.1/kafka-clients-2.3.1.jar:/home/calexandra/.m2/repository/com/github/luben/zstd-jni/1.4.0-1/zstd-jni-1.4.0-1.jar:/home/calexandra/.m2/repository/org/lz4/lz4-java/1.6.0/lz4-java-1.6.0.jar:/home/calexandra/.m2/repository/org/xerial/snappy/snappy-java/1.1.7.3/snappy-java-1.1.7.3.jar:/home/calexandra/.m2/repository/org/springframework/kafka/spring-kafka/2.3.7.RELEASE/spring-kafka-2.3.7.RELEASE.jar:/home/calexandra/.m2/repository/org/springframework/spring-websocket/5.2.6.RELEASE/spring-websocket-5.2.6.RELEASE.jar:/home/calexandra/.m2/repository/org/springframework/spring-context/5.2.5.RELEASE/spring-context-5.2.5.RELEASE.jar:/home/calexandra/.m2/repository/org/springframework/spring-messaging/5.2.6.RELEASE/spring-messaging-5.2.6.RELEASE.jar:/home/calexandra/.m2/repository/org/springframework/spring-beans/5.2.5.RELEASE/spring-beans-5.2.5.RELEASE.jar:"/>
    <property name="java.vm.vendor" value="Oracle Corporation"/>
    <property name="sun.arch.data.model" value="64"/>
    <property name="java.vendor.url" value="https://java.oracle.com/"/>
    <property name="user.country.format" value="PT"/>
    <property name="os.name" value="Linux"/>
    <property name="java.vm.specification.version" value="14"/>
    <property name="sun.java.launcher" value="SUN_STANDARD"/>
    <property name="user.country" value="US"/>
    <property name="sun.boot.library.path" value="/usr/lib/jvm/java-14-oracle/lib"/>
    <property name="sun.java.command" value="/home/calexandra/git/es-2019-2020-p34/bestpath/target/surefire/surefirebooter7569977461162408879.jar /home/calexandra/git/es-2019-2020-p34/bestpath/target/surefire 2020-06-01T00-44-45_773-jvmRun1 surefire17444771946061003492tmp surefire_09804300286430162779tmp"/>
    <property name="jdk.debug" value="release"/>
    <property name="surefire.test.class.path" value="/home/calexandra/git/es-2019-2020-p34/bestpath/target/test-classes:/home/calexandra/git/es-2019-2020-p34/bestpath/target/classes:/home/calexandra/.m2/repository/org/seleniumhq/selenium/selenium-java/4.0.0-alpha-5/selenium-java-4.0.0-alpha-5.jar:/home/calexandra/.m2/repository/org/seleniumhq/selenium/selenium-api/3.141.59/selenium-api-3.141.59.jar:/home/calexandra/.m2/repository/org/seleniumhq/selenium/selenium-chrome-driver/3.141.59/selenium-chrome-driver-3.141.59.jar:/home/calexandra/.m2/repository/net/bytebuddy/byte-buddy/1.10.8/byte-buddy-1.10.8.jar:/home/calexandra/.m2/repository/org/apache/commons/commons-exec/1.3/commons-exec-1.3.jar:/home/calexandra/.m2/repository/com/google/guava/guava/25.0-jre/guava-25.0-jre.jar:/home/calexandra/.m2/repository/com/google/code/findbugs/jsr305/1.3.9/jsr305-1.3.9.jar:/home/calexandra/.m2/repository/org/checkerframework/checker-compat-qual/2.0.0/checker-compat-qual-2.0.0.jar:/home/calexandra/.m2/repository/com/google/errorprone/error_prone_annotations/2.1.3/error_prone_annotations-2.1.3.jar:/home/calexandra/.m2/repository/com/google/j2objc/j2objc-annotations/1.1/j2objc-annotations-1.1.jar:/home/calexandra/.m2/repository/org/codehaus/mojo/animal-sniffer-annotations/1.14/animal-sniffer-annotations-1.14.jar:/home/calexandra/.m2/repository/com/squareup/okhttp3/okhttp/3.14.7/okhttp-3.14.7.jar:/home/calexandra/.m2/repository/com/squareup/okio/okio/1.14.0/okio-1.14.0.jar:/home/calexandra/.m2/repository/org/seleniumhq/selenium/selenium-edge-driver/3.141.59/selenium-edge-driver-3.141.59.jar:/home/calexandra/.m2/repository/org/seleniumhq/selenium/selenium-edgehtml-driver/4.0.0-alpha-5/selenium-edgehtml-driver-4.0.0-alpha-5.jar:/home/calexandra/.m2/repository/com/google/auto/service/auto-service-annotations/1.0-rc6/auto-service-annotations-1.0-rc6.jar:/home/calexandra/.m2/repository/com/google/auto/service/auto-service/1.0-rc6/auto-service-1.0-rc6.jar:/home/calexandra/.m2/repository/com/google/auto/auto-common/0.10/auto-common-0.10.jar:/home/calexandra/.m2/repository/org/seleniumhq/selenium/selenium-firefox-driver/3.141.59/selenium-firefox-driver-3.141.59.jar:/home/calexandra/.m2/repository/org/seleniumhq/selenium/selenium-firefox-xpi-driver/4.0.0-alpha-5/selenium-firefox-xpi-driver-4.0.0-alpha-5.jar:/home/calexandra/.m2/repository/org/seleniumhq/selenium/selenium-ie-driver/3.141.59/selenium-ie-driver-3.141.59.jar:/home/calexandra/.m2/repository/org/seleniumhq/selenium/selenium-opera-driver/3.141.59/selenium-opera-driver-3.141.59.jar:/home/calexandra/.m2/repository/org/seleniumhq/selenium/selenium-remote-driver/3.141.59/selenium-remote-driver-3.141.59.jar:/home/calexandra/.m2/repository/org/seleniumhq/selenium/selenium-safari-driver/3.141.59/selenium-safari-driver-3.141.59.jar:/home/calexandra/.m2/repository/org/seleniumhq/selenium/selenium-support/3.141.59/selenium-support-3.141.59.jar:/home/calexandra/.m2/repository/org/springframework/boot/spring-boot-starter-web/2.2.6.RELEASE/spring-boot-starter-web-2.2.6.RELEASE.jar:/home/calexandra/.m2/repository/org/springframework/boot/spring-boot-starter/2.2.6.RELEASE/spring-boot-starter-2.2.6.RELEASE.jar:/home/calexandra/.m2/repository/org/springframework/boot/spring-boot/2.2.6.RELEASE/spring-boot-2.2.6.RELEASE.jar:/home/calexandra/.m2/repository/org/springframework/boot/spring-boot-autoconfigure/2.2.6.RELEASE/spring-boot-autoconfigure-2.2.6.RELEASE.jar:/home/calexandra/.m2/repository/org/springframework/boot/spring-boot-starter-logging/2.2.6.RELEASE/spring-boot-starter-logging-2.2.6.RELEASE.jar:/home/calexandra/.m2/repository/ch/qos/logback/logback-classic/1.2.3/logback-classic-1.2.3.jar:/home/calexandra/.m2/repository/ch/qos/logback/logback-core/1.2.3/logback-core-1.2.3.jar:/home/calexandra/.m2/repository/org/apache/logging/log4j/log4j-to-slf4j/2.12.1/log4j-to-slf4j-2.12.1.jar:/home/calexandra/.m2/repository/org/apache/logging/log4j/log4j-api/2.12.1/log4j-api-2.12.1.jar:/home/calexandra/.m2/repository/org/slf4j/jul-to-slf4j/1.7.30/jul-to-slf4j-1.7.30.jar:/home/calexandra/.m2/repository/jakarta/annotation/jakarta.annotation-api/1.3.5/jakarta.annotation-api-1.3.5.jar:/home/calexandra/.m2/repository/org/yaml/snakeyaml/1.25/snakeyaml-1.25.jar:/home/calexandra/.m2/repository/org/springframework/boot/spring-boot-starter-json/2.2.6.RELEASE/spring-boot-starter-json-2.2.6.RELEASE.jar:/home/calexandra/.m2/repository/com/fasterxml/jackson/core/jackson-databind/2.10.3/jackson-databind-2.10.3.jar:/home/calexandra/.m2/repository/com/fasterxml/jackson/core/jackson-annotations/2.10.3/jackson-annotations-2.10.3.jar:/home/calexandra/.m2/repository/com/fasterxml/jackson/datatype/jackson-datatype-jdk8/2.10.3/jackson-datatype-jdk8-2.10.3.jar:/home/calexandra/.m2/repository/com/fasterxml/jackson/datatype/jackson-datatype-jsr310/2.10.3/jackson-datatype-jsr310-2.10.3.jar:/home/calexandra/.m2/repository/com/fasterxml/jackson/module/jackson-module-parameter-names/2.10.3/jackson-module-parameter-names-2.10.3.jar:/home/calexandra/.m2/repository/org/springframework/boot/spring-boot-starter-tomcat/2.2.6.RELEASE/spring-boot-starter-tomcat-2.2.6.RELEASE.jar:/home/calexandra/.m2/repository/org/apache/tomcat/embed/tomcat-embed-core/9.0.33/tomcat-embed-core-9.0.33.jar:/home/calexandra/.m2/repository/org/apache/tomcat/embed/tomcat-embed-el/9.0.33/tomcat-embed-el-9.0.33.jar:/home/calexandra/.m2/repository/org/apache/tomcat/embed/tomcat-embed-websocket/9.0.33/tomcat-embed-websocket-9.0.33.jar:/home/calexandra/.m2/repository/org/springframework/boot/spring-boot-starter-validation/2.2.6.RELEASE/spring-boot-starter-validation-2.2.6.RELEASE.jar:/home/calexandra/.m2/repository/jakarta/validation/jakarta.validation-api/2.0.2/jakarta.validation-api-2.0.2.jar:/home/calexandra/.m2/repository/org/hibernate/validator/hibernate-validator/6.0.18.Final/hibernate-validator-6.0.18.Final.jar:/home/calexandra/.m2/repository/org/jboss/logging/jboss-logging/3.4.1.Final/jboss-logging-3.4.1.Final.jar:/home/calexandra/.m2/repository/com/fasterxml/classmate/1.5.1/classmate-1.5.1.jar:/home/calexandra/.m2/repository/org/springframework/spring-web/5.2.5.RELEASE/spring-web-5.2.5.RELEASE.jar:/home/calexandra/.m2/repository/org/springframework/spring-webmvc/5.2.5.RELEASE/spring-webmvc-5.2.5.RELEASE.jar:/home/calexandra/.m2/repository/org/springframework/spring-aop/5.2.5.RELEASE/spring-aop-5.2.5.RELEASE.jar:/home/calexandra/.m2/repository/org/springframework/spring-expression/5.2.5.RELEASE/spring-expression-5.2.5.RELEASE.jar:/home/calexandra/.m2/repository/javax/cache/cache-api/1.1.1/cache-api-1.1.1.jar:/home/calexandra/.m2/repository/org/springframework/boot/spring-boot-starter-thymeleaf/2.2.6.RELEASE/spring-boot-starter-thymeleaf-2.2.6.RELEASE.jar:/home/calexandra/.m2/repository/org/thymeleaf/thymeleaf-spring5/3.0.11.RELEASE/thymeleaf-spring5-3.0.11.RELEASE.jar:/home/calexandra/.m2/repository/org/thymeleaf/thymeleaf/3.0.11.RELEASE/thymeleaf-3.0.11.RELEASE.jar:/home/calexandra/.m2/repository/org/attoparser/attoparser/2.0.5.RELEASE/attoparser-2.0.5.RELEASE.jar:/home/calexandra/.m2/repository/org/unbescape/unbescape/1.1.6.RELEASE/unbescape-1.1.6.RELEASE.jar:/home/calexandra/.m2/repository/org/thymeleaf/extras/thymeleaf-extras-java8time/3.0.4.RELEASE/thymeleaf-extras-java8time-3.0.4.RELEASE.jar:/home/calexandra/.m2/repository/org/springframework/boot/spring-boot-starter-test/2.2.6.RELEASE/spring-boot-starter-test-2.2.6.RELEASE.jar:/home/calexandra/.m2/repository/org/springframework/boot/spring-boot-test/2.2.6.RELEASE/spring-boot-test-2.2.6.RELEASE.jar:/home/calexandra/.m2/repository/org/springframework/boot/spring-boot-test-autoconfigure/2.2.6.RELEASE/spring-boot-test-autoconfigure-2.2.6.RELEASE.jar:/home/calexandra/.m2/repository/com/jayway/jsonpath/json-path/2.4.0/json-path-2.4.0.jar:/home/calexandra/.m2/repository/net/minidev/json-smart/2.3/json-smart-2.3.jar:/home/calexandra/.m2/repository/net/minidev/accessors-smart/1.2/accessors-smart-1.2.jar:/home/calexandra/.m2/repository/org/ow2/asm/asm/5.0.4/asm-5.0.4.jar:/home/calexandra/.m2/repository/jakarta/xml/bind/jakarta.xml.bind-api/2.3.3/jakarta.xml.bind-api-2.3.3.jar:/home/calexandra/.m2/repository/jakarta/activation/jakarta.activation-api/1.2.2/jakarta.activation-api-1.2.2.jar:/home/calexandra/.m2/repository/org/junit/jupiter/junit-jupiter/5.5.2/junit-jupiter-5.5.2.jar:/home/calexandra/.m2/repository/org/junit/jupiter/junit-jupiter-api/5.5.2/junit-jupiter-api-5.5.2.jar:/home/calexandra/.m2/repository/org/opentest4j/opentest4j/1.2.0/opentest4j-1.2.0.jar:/home/calexandra/.m2/repository/org/junit/platform/junit-platform-commons/1.5.2/junit-platform-commons-1.5.2.jar:/home/calexandra/.m2/repository/org/junit/jupiter/junit-jupiter-params/5.5.2/junit-jupiter-params-5.5.2.jar:/home/calexandra/.m2/repository/org/junit/jupiter/junit-jupiter-engine/5.5.2/junit-jupiter-engine-5.5.2.jar:/home/calexandra/.m2/repository/org/junit/vintage/junit-vintage-engine/5.5.2/junit-vintage-engine-5.5.2.jar:/home/calexandra/.m2/repository/org/apiguardian/apiguardian-api/1.1.0/apiguardian-api-1.1.0.jar:/home/calexandra/.m2/repository/org/junit/platform/junit-platform-engine/1.5.2/junit-platform-engine-1.5.2.jar:/home/calexandra/.m2/repository/org/mockito/mockito-junit-jupiter/3.1.0/mockito-junit-jupiter-3.1.0.jar:/home/calexandra/.m2/repository/org/assertj/assertj-core/3.13.2/assertj-core-3.13.2.jar:/home/calexandra/.m2/repository/org/hamcrest/hamcrest/2.1/hamcrest-2.1.jar:/home/calexandra/.m2/repository/org/mockito/mockito-core/3.1.0/mockito-core-3.1.0.jar:/home/calexandra/.m2/repository/net/bytebuddy/byte-buddy-agent/1.10.8/byte-buddy-agent-1.10.8.jar:/home/calexandra/.m2/repository/org/objenesis/objenesis/2.6/objenesis-2.6.jar:/home/calexandra/.m2/repository/org/skyscreamer/jsonassert/1.5.0/jsonassert-1.5.0.jar:/home/calexandra/.m2/repository/com/vaadin/external/google/android-json/0.0.20131108.vaadin1/android-json-0.0.20131108.vaadin1.jar:/home/calexandra/.m2/repository/org/springframework/spring-core/5.2.5.RELEASE/spring-core-5.2.5.RELEASE.jar:/home/calexandra/.m2/repository/org/springframework/spring-jcl/5.2.5.RELEASE/spring-jcl-5.2.5.RELEASE.jar:/home/calexandra/.m2/repository/org/springframework/spring-test/5.2.5.RELEASE/spring-test-5.2.5.RELEASE.jar:/home/calexandra/.m2/repository/org/xmlunit/xmlunit-core/2.6.4/xmlunit-core-2.6.4.jar:/home/calexandra/.m2/repository/io/cucumber/cucumber-junit/4.2.0/cucumber-junit-4.2.0.jar:/home/calexandra/.m2/repository/io/cucumber/cucumber-core/4.2.0/cucumber-core-4.2.0.jar:/home/calexandra/.m2/repository/io/cucumber/cucumber-html/0.2.7/cucumber-html-0.2.7.jar:/home/calexandra/.m2/repository/io/cucumber/gherkin/5.1.0/gherkin-5.1.0.jar:/home/calexandra/.m2/repository/io/cucumber/tag-expressions/1.1.1/tag-expressions-1.1.1.jar:/home/calexandra/.m2/repository/io/cucumber/cucumber-expressions/6.2.0/cucumber-expressions-6.2.0.jar:/home/calexandra/.m2/repository/io/cucumber/datatable/1.1.7/datatable-1.1.7.jar:/home/calexandra/.m2/repository/io/cucumber/datatable-dependencies/1.1.7/datatable-dependencies-1.1.7.jar:/home/calexandra/.m2/repository/junit/junit/4.12/junit-4.12.jar:/home/calexandra/.m2/repository/org/hamcrest/hamcrest-core/2.1/hamcrest-core-2.1.jar:/home/calexandra/.m2/repository/io/cucumber/cucumber-java8/4.2.0/cucumber-java8-4.2.0.jar:/home/calexandra/.m2/repository/io/cucumber/cucumber-java/4.2.0/cucumber-java-4.2.0.jar:/home/calexandra/.m2/repository/net/jodah/typetools/0.5.0/typetools-0.5.0.jar:/home/calexandra/.m2/repository/io/cucumber/cucumber-spring/4.2.0/cucumber-spring-4.2.0.jar:/home/calexandra/.m2/repository/com/fasterxml/jackson/core/jackson-core/2.11.0/jackson-core-2.11.0.jar:/home/calexandra/.m2/repository/org/ehcache/ehcache/3.8.1/ehcache-3.8.1.jar:/home/calexandra/.m2/repository/org/slf4j/slf4j-api/1.7.30/slf4j-api-1.7.30.jar:/home/calexandra/.m2/repository/org/glassfish/jaxb/jaxb-runtime/2.3.2/jaxb-runtime-2.3.2.jar:/home/calexandra/.m2/repository/org/glassfish/jaxb/txw2/2.3.2/txw2-2.3.2.jar:/home/calexandra/.m2/repository/com/sun/istack/istack-commons-runtime/3.0.8/istack-commons-runtime-3.0.8.jar:/home/calexandra/.m2/repository/org/jvnet/staxex/stax-ex/1.8.1/stax-ex-1.8.1.jar:/home/calexandra/.m2/repository/com/sun/xml/fastinfoset/FastInfoset/1.2.16/FastInfoset-1.2.16.jar:/home/calexandra/.m2/repository/org/springframework/boot/spring-boot-starter-cache/2.2.6.RELEASE/spring-boot-starter-cache-2.2.6.RELEASE.jar:/home/calexandra/.m2/repository/org/springframework/spring-context-support/5.2.5.RELEASE/spring-context-support-5.2.5.RELEASE.jar:/home/calexandra/.m2/repository/org/postgresql/postgresql/42.2.12/postgresql-42.2.12.jar:/home/calexandra/.m2/repository/org/seleniumhq/selenium/htmlunit-driver/2.40.0/htmlunit-driver-2.40.0.jar:/home/calexandra/.m2/repository/net/sourceforge/htmlunit/htmlunit/2.36.0/htmlunit-2.36.0.jar:/home/calexandra/.m2/repository/xalan/xalan/2.7.2/xalan-2.7.2.jar:/home/calexandra/.m2/repository/xalan/serializer/2.7.2/serializer-2.7.2.jar:/home/calexandra/.m2/repository/org/apache/commons/commons-lang3/3.9/commons-lang3-3.9.jar:/home/calexandra/.m2/repository/org/apache/commons/commons-text/1.7/commons-text-1.7.jar:/home/calexandra/.m2/repository/org/apache/httpcomponents/httpmime/4.5.12/httpmime-4.5.12.jar:/home/calexandra/.m2/repository/org/apache/httpcomponents/httpclient/4.5.12/httpclient-4.5.12.jar:/home/calexandra/.m2/repository/org/apache/httpcomponents/httpcore/4.4.13/httpcore-4.4.13.jar:/home/calexandra/.m2/repository/commons-codec/commons-codec/1.13/commons-codec-1.13.jar:/home/calexandra/.m2/repository/net/sourceforge/htmlunit/htmlunit-core-js/2.36.0/htmlunit-core-js-2.36.0.jar:/home/calexandra/.m2/repository/net/sourceforge/htmlunit/neko-htmlunit/2.36.0/neko-htmlunit-2.36.0.jar:/home/calexandra/.m2/repository/xerces/xercesImpl/2.12.0/xercesImpl-2.12.0.jar:/home/calexandra/.m2/repository/xml-apis/xml-apis/1.4.01/xml-apis-1.4.01.jar:/home/calexandra/.m2/repository/net/sourceforge/htmlunit/htmlunit-cssparser/1.5.0/htmlunit-cssparser-1.5.0.jar:/home/calexandra/.m2/repository/commons-io/commons-io/2.6/commons-io-2.6.jar:/home/calexandra/.m2/repository/commons-net/commons-net/3.6/commons-net-3.6.jar:/home/calexandra/.m2/repository/org/brotli/dec/0.1.2/dec-0.1.2.jar:/home/calexandra/.m2/repository/org/eclipse/jetty/websocket/websocket-client/9.4.27.v20200227/websocket-client-9.4.27.v20200227.jar:/home/calexandra/.m2/repository/org/eclipse/jetty/jetty-client/9.4.27.v20200227/jetty-client-9.4.27.v20200227.jar:/home/calexandra/.m2/repository/org/eclipse/jetty/jetty-http/9.4.27.v20200227/jetty-http-9.4.27.v20200227.jar:/home/calexandra/.m2/repository/org/eclipse/jetty/jetty-xml/9.4.27.v20200227/jetty-xml-9.4.27.v20200227.jar:/home/calexandra/.m2/repository/org/eclipse/jetty/jetty-util/9.4.27.v20200227/jetty-util-9.4.27.v20200227.jar:/home/calexandra/.m2/repository/org/eclipse/jetty/jetty-io/9.4.27.v20200227/jetty-io-9.4.27.v20200227.jar:/home/calexandra/.m2/repository/org/eclipse/jetty/websocket/websocket-common/9.4.27.v20200227/websocket-common-9.4.27.v20200227.jar:/home/calexandra/.m2/repository/org/eclipse/jetty/websocket/websocket-api/9.4.27.v20200227/websocket-api-9.4.27.v20200227.jar:/home/calexandra/.m2/repository/org/w3c/css/sac/1.3/sac-1.3.jar:/home/calexandra/.m2/repository/org/springframework/cloud/spring-cloud-stream/3.0.5.RELEASE/spring-cloud-stream-3.0.5.RELEASE.jar:/home/calexandra/.m2/repository/org/springframework/integration/spring-integration-core/5.2.5.RELEASE/spring-integration-core-5.2.5.RELEASE.jar:/home/calexandra/.m2/repository/io/projectreactor/reactor-core/3.3.4.RELEASE/reactor-core-3.3.4.RELEASE.jar:/home/calexandra/.m2/repository/org/reactivestreams/reactive-streams/1.0.3/reactive-streams-1.0.3.jar:/home/calexandra/.m2/repository/org/springframework/spring-tx/5.2.5.RELEASE/spring-tx-5.2.5.RELEASE.jar:/home/calexandra/.m2/repository/org/springframework/integration/spring-integration-jmx/5.2.5.RELEASE/spring-integration-jmx-5.2.5.RELEASE.jar:/home/calexandra/.m2/repository/org/springframework/retry/spring-retry/1.2.5.RELEASE/spring-retry-1.2.5.RELEASE.jar:/home/calexandra/.m2/repository/org/springframework/cloud/spring-cloud-function-context/3.0.7.RELEASE/spring-cloud-function-context-3.0.7.RELEASE.jar:/home/calexandra/.m2/repository/org/springframework/cloud/spring-cloud-function-core/3.0.7.RELEASE/spring-cloud-function-core-3.0.7.RELEASE.jar:/home/calexandra/.m2/repository/javax/annotation/javax.annotation-api/1.3.2/javax.annotation-api-1.3.2.jar:/home/calexandra/.m2/repository/org/springframework/cloud/spring-cloud-starter-stream-kafka/3.0.5.RELEASE/spring-cloud-starter-stream-kafka-3.0.5.RELEASE.jar:/home/calexandra/.m2/repository/org/springframework/cloud/spring-cloud-stream-binder-kafka/3.0.5.RELEASE/spring-cloud-stream-binder-kafka-3.0.5.RELEASE.jar:/home/calexandra/.m2/repository/org/springframework/cloud/spring-cloud-stream-binder-kafka-core/3.0.5.RELEASE/spring-cloud-stream-binder-kafka-core-3.0.5.RELEASE.jar:/home/calexandra/.m2/repository/org/springframework/integration/spring-integration-kafka/3.2.1.RELEASE/spring-integration-kafka-3.2.1.RELEASE.jar:/home/calexandra/.m2/repository/org/apache/kafka/kafka-clients/2.3.1/kafka-clients-2.3.1.jar:/home/calexandra/.m2/repository/com/github/luben/zstd-jni/1.4.0-1/zstd-jni-1.4.0-1.jar:/home/calexandra/.m2/repository/org/lz4/lz4-java/1.6.0/lz4-java-1.6.0.jar:/home/calexandra/.m2/repository/org/xerial/snappy/snappy-java/1.1.7.3/snappy-java-1.1.7.3.jar:/home/calexandra/.m2/repository/org/springframework/kafka/spring-kafka/2.3.7.RELEASE/spring-kafka-2.3.7.RELEASE.jar:/home/calexandra/.m2/repository/org/springframework/spring-websocket/5.2.6.RELEASE/spring-websocket-5.2.6.RELEASE.jar:/home/calexandra/.m2/repository/org/springframework/spring-context/5.2.5.RELEASE/spring-context-5.2.5.RELEASE.jar:/home/calexandra/.m2/repository/org/springframework/spring-messaging/5.2.6.RELEASE/spring-messaging-5.2.6.RELEASE.jar:/home/calexandra/.m2/repository/org/springframework/spring-beans/5.2.5.RELEASE/spring-beans-5.2.5.RELEASE.jar:"/>
    <property name="sun.cpu.endian" value="little"/>
    <property name="user.home" value="/home/calexandra"/>
    <property name="user.language" value="en"/>
    <property name="java.specification.vendor" value="Oracle Corporation"/>
    <property name="java.version.date" value="2020-04-14"/>
    <property name="java.home" value="/usr/lib/jvm/java-14-oracle"/>
    <property name="file.separator" value="/"/>
    <property name="basedir" value="/home/calexandra/git/es-2019-2020-p34/bestpath"/>
    <property name="java.vm.compressedOopsMode" value="32-bit"/>
    <property name="line.separator" value="&#10;"/>
    <property name="java.vm.specification.vendor" value="Oracle Corporation"/>
    <property name="java.specification.name" value="Java Platform API Specification"/>
    <property name="surefire.real.class.path" value="/home/calexandra/git/es-2019-2020-p34/bestpath/target/surefire/surefirebooter7569977461162408879.jar"/>
    <property name="sun.management.compiler" value="HotSpot 64-Bit Tiered Compilers"/>
    <property name="java.runtime.version" value="14.0.1+7"/>
    <property name="user.name" value="calexandra"/>
    <property name="path.separator" value=":"/>
    <property name="os.version" value="5.4.0-33-generic"/>
    <property name="java.runtime.name" value="Java(TM) SE Runtime Environment"/>
    <property name="file.encoding" value="UTF-8"/>
    <property name="java.vm.name" value="Java HotSpot(TM) 64-Bit Server VM"/>
    <property name="localRepository" value="/home/calexandra/.m2/repository"/>
    <property name="java.vendor.url.bug" value="https://bugreport.java.com/bugreport/"/>
    <property name="java.io.tmpdir" value="/tmp"/>
    <property name="java.version" value="14.0.1"/>
    <property name="user.dir" value="/home/calexandra/git/es-2019-2020-p34/bestpath"/>
    <property name="os.arch" value="amd64"/>
    <property name="java.vm.specification.name" value="Java Virtual Machine Specification"/>
    <property name="user.language.format" value="pt"/>
    <property name="java.library.path" value="/usr/java/packages/lib:/usr/lib64:/lib64:/lib:/usr/lib"/>
    <property name="java.vm.info" value="mixed mode, sharing"/>
    <property name="java.vendor" value="Oracle Corporation"/>
    <property name="java.vm.version" value="14.0.1+7"/>
    <property name="sun.io.unicode.encoding" value="UnicodeLittle"/>
    <property name="java.class.version" value="58.0"/>
  </properties>
  <testcase name="Find the fastest path to Mercado do Bolhão" classname="pt.ua.deti.es.p34.CucumberTest" time="2.417"/>
  <testcase name="Simple and intuitive Visualization" classname="pt.ua.deti.es.p34.CucumberTest" time="0">
    <skipped message="TODO: implement me" type="cucumber.api.PendingException">cucumber.api.PendingException: TODO: implement me
</skipped>
    <system-out><![CDATA[2020-06-01 00:44:57.658  INFO 4528 --- [           main] o.s.t.c.support.AbstractContextLoader    : Could not detect default resource locations for test class [pt.ua.deti.es.p34.CucumberSpringContextConfiguration]: no resource found for suffixes {-context.xml, Context.groovy}.
2020-06-01 00:44:57.663  INFO 4528 --- [           main] .b.t.c.SpringBootTestContextBootstrapper : Loaded default TestExecutionListener class names from location [META-INF/spring.factories]: [org.springframework.boot.test.mock.mockito.MockitoTestExecutionListener, org.springframework.boot.test.mock.mockito.ResetMocksTestExecutionListener, org.springframework.boot.test.autoconfigure.restdocs.RestDocsTestExecutionListener, org.springframework.boot.test.autoconfigure.web.client.MockRestServiceServerResetTestExecutionListener, org.springframework.boot.test.autoconfigure.web.servlet.MockMvcPrintOnlyOnFailureTestExecutionListener, org.springframework.boot.test.autoconfigure.web.servlet.WebDriverTestExecutionListener, org.springframework.test.context.web.ServletTestExecutionListener, org.springframework.test.context.support.DirtiesContextBeforeModesTestExecutionListener, org.springframework.test.context.support.DependencyInjectionTestExecutionListener, org.springframework.test.context.support.DirtiesContextTestExecutionListener, org.springframework.test.context.transaction.TransactionalTestExecutionListener, org.springframework.test.context.jdbc.SqlScriptsTestExecutionListener, org.springframework.test.context.event.EventPublishingTestExecutionListener]
2020-06-01 00:44:57.664  INFO 4528 --- [           main] .b.t.c.SpringBootTestContextBootstrapper : Using TestExecutionListeners: [org.springframework.test.context.web.ServletTestExecutionListener@2ced7cf, org.springframework.test.context.support.DirtiesContextBeforeModesTestExecutionListener@580c4c0b, org.springframework.boot.test.mock.mockito.MockitoTestExecutionListener@604e8a6, org.springframework.boot.test.autoconfigure.SpringBootDependencyInjectionTestExecutionListener@5bc44d78, org.springframework.test.context.support.DirtiesContextTestExecutionListener@2f408960, org.springframework.test.context.transaction.TransactionalTestExecutionListener@1516f497, org.springframework.test.context.jdbc.SqlScriptsTestExecutionListener@34766f4b, org.springframework.test.context.event.EventPublishingTestExecutionListener@4d204b30, org.springframework.boot.test.mock.mockito.ResetMocksTestExecutionListener@6600d07d, org.springframework.boot.test.autoconfigure.restdocs.RestDocsTestExecutionListener@44103266, org.springframework.boot.test.autoconfigure.web.client.MockRestServiceServerResetTestExecutionListener@439b0198, org.springframework.boot.test.autoconfigure.web.servlet.MockMvcPrintOnlyOnFailureTestExecutionListener@c2dab10, org.springframework.boot.test.autoconfigure.web.servlet.WebDriverTestExecutionListener@6c4e11d0]
2020-06-01 00:44:57.666  INFO 4528 --- [           main] d.e.p.CucumberSpringContextConfiguration : Spring Context Initialized For Executing Cucumber Tests
&amp#27;[33mP&amp#27;[0m&amp#27;[36m-&amp#27;[0m&amp#27;[36m-&amp#27;[0m]]></system-out>
  </testcase>
  <testcase name="Regard more information about general road congestion" classname="pt.ua.deti.es.p34.CucumberTest" time="2.696"/>
  <testcase name="Make studies about road traffic at Porto" classname="pt.ua.deti.es.p34.CucumberTest" time="0">
    <skipped message="TODO: implement me" type="cucumber.api.PendingException">cucumber.api.PendingException: TODO: implement me
</skipped>
    <system-out><![CDATA[2020-06-01 00:45:00.398  INFO 4528 --- [           main] o.s.t.c.support.AbstractContextLoader    : Could not detect default resource locations for test class [pt.ua.deti.es.p34.CucumberSpringContextConfiguration]: no resource found for suffixes {-context.xml, Context.groovy}.
2020-06-01 00:45:00.401  INFO 4528 --- [           main] .b.t.c.SpringBootTestContextBootstrapper : Loaded default TestExecutionListener class names from location [META-INF/spring.factories]: [org.springframework.boot.test.mock.mockito.MockitoTestExecutionListener, org.springframework.boot.test.mock.mockito.ResetMocksTestExecutionListener, org.springframework.boot.test.autoconfigure.restdocs.RestDocsTestExecutionListener, org.springframework.boot.test.autoconfigure.web.client.MockRestServiceServerResetTestExecutionListener, org.springframework.boot.test.autoconfigure.web.servlet.MockMvcPrintOnlyOnFailureTestExecutionListener, org.springframework.boot.test.autoconfigure.web.servlet.WebDriverTestExecutionListener, org.springframework.test.context.web.ServletTestExecutionListener, org.springframework.test.context.support.DirtiesContextBeforeModesTestExecutionListener, org.springframework.test.context.support.DependencyInjectionTestExecutionListener, org.springframework.test.context.support.DirtiesContextTestExecutionListener, org.springframework.test.context.transaction.TransactionalTestExecutionListener, org.springframework.test.context.jdbc.SqlScriptsTestExecutionListener, org.springframework.test.context.event.EventPublishingTestExecutionListener]
2020-06-01 00:45:00.401  INFO 4528 --- [           main] .b.t.c.SpringBootTestContextBootstrapper : Using TestExecutionListeners: [org.springframework.test.context.web.ServletTestExecutionListener@508de524, org.springframework.test.context.support.DirtiesContextBeforeModesTestExecutionListener@617d697, org.springframework.boot.test.mock.mockito.MockitoTestExecutionListener@3a4d0ca2, org.springframework.boot.test.autoconfigure.SpringBootDependencyInjectionTestExecutionListener@149162a4, org.springframework.test.context.support.DirtiesContextTestExecutionListener@2b8a11d7, org.springframework.test.context.transaction.TransactionalTestExecutionListener@1391d95f, org.springframework.test.context.jdbc.SqlScriptsTestExecutionListener@416bff93, org.springframework.test.context.event.EventPublishingTestExecutionListener@5ef03158, org.springframework.boot.test.mock.mockito.ResetMocksTestExecutionListener@258f97f8, org.springframework.boot.test.autoconfigure.restdocs.RestDocsTestExecutionListener@38c9e937, org.springframework.boot.test.autoconfigure.web.client.MockRestServiceServerResetTestExecutionListener@26401eda, org.springframework.boot.test.autoconfigure.web.servlet.MockMvcPrintOnlyOnFailureTestExecutionListener@79e591bb, org.springframework.boot.test.autoconfigure.web.servlet.WebDriverTestExecutionListener@208ce928]
2020-06-01 00:45:00.410  INFO 4528 --- [           main] d.e.p.CucumberSpringContextConfiguration : Spring Context Initialized For Executing Cucumber Tests
&amp#27;[33mP&amp#27;[0m&amp#27;[36m-&amp#27;[0m&amp#27;[36m-&amp#27;[0m]]></system-out>
  </testcase>
  <testcase name="city official people make management based on existing data" classname="pt.ua.deti.es.p34.CucumberTest" time="0">
    <skipped message="TODO: implement me" type="cucumber.api.PendingException">cucumber.api.PendingException: TODO: implement me
</skipped>
    <system-out><![CDATA[2020-06-01 00:45:00.417  INFO 4528 --- [           main] o.s.t.c.support.AbstractContextLoader    : Could not detect default resource locations for test class [pt.ua.deti.es.p34.CucumberSpringContextConfiguration]: no resource found for suffixes {-context.xml, Context.groovy}.
2020-06-01 00:45:00.423  INFO 4528 --- [           main] .b.t.c.SpringBootTestContextBootstrapper : Loaded default TestExecutionListener class names from location [META-INF/spring.factories]: [org.springframework.boot.test.mock.mockito.MockitoTestExecutionListener, org.springframework.boot.test.mock.mockito.ResetMocksTestExecutionListener, org.springframework.boot.test.autoconfigure.restdocs.RestDocsTestExecutionListener, org.springframework.boot.test.autoconfigure.web.client.MockRestServiceServerResetTestExecutionListener, org.springframework.boot.test.autoconfigure.web.servlet.MockMvcPrintOnlyOnFailureTestExecutionListener, org.springframework.boot.test.autoconfigure.web.servlet.WebDriverTestExecutionListener, org.springframework.test.context.web.ServletTestExecutionListener, org.springframework.test.context.support.DirtiesContextBeforeModesTestExecutionListener, org.springframework.test.context.support.DependencyInjectionTestExecutionListener, org.springframework.test.context.support.DirtiesContextTestExecutionListener, org.springframework.test.context.transaction.TransactionalTestExecutionListener, org.springframework.test.context.jdbc.SqlScriptsTestExecutionListener, org.springframework.test.context.event.EventPublishingTestExecutionListener]
2020-06-01 00:45:00.423  INFO 4528 --- [           main] .b.t.c.SpringBootTestContextBootstrapper : Using TestExecutionListeners: [org.springframework.test.context.web.ServletTestExecutionListener@2456716b, org.springframework.test.context.support.DirtiesContextBeforeModesTestExecutionListener@63541960, org.springframework.boot.test.mock.mockito.MockitoTestExecutionListener@6d43c881, org.springframework.boot.test.autoconfigure.SpringBootDependencyInjectionTestExecutionListener@467625e3, org.springframework.test.context.support.DirtiesContextTestExecutionListener@513cd96f, org.springframework.test.context.transaction.TransactionalTestExecutionListener@12e04531, org.springframework.test.context.jdbc.SqlScriptsTestExecutionListener@6114902c, org.springframework.test.context.event.EventPublishingTestExecutionListener@16baf8d0, org.springframework.boot.test.mock.mockito.ResetMocksTestExecutionListener@217abcc9, org.springframework.boot.test.autoconfigure.restdocs.RestDocsTestExecutionListener@3123ac1a, org.springframework.boot.test.autoconfigure.web.client.MockRestServiceServerResetTestExecutionListener@7473cfe2, org.springframework.boot.test.autoconfigure.web.servlet.MockMvcPrintOnlyOnFailureTestExecutionListener@354ed5c4, org.springframework.boot.test.autoconfigure.web.servlet.WebDriverTestExecutionListener@41a6ab50]
2020-06-01 00:45:00.434  INFO 4528 --- [           main] d.e.p.CucumberSpringContextConfiguration : Spring Context Initialized For Executing Cucumber Tests
&amp#27;[33mP&amp#27;[0m&amp#27;[36m-&amp#27;[0m&amp#27;[36m-&amp#27;[0m]]></system-out>
  </testcase>
  <testcase name="Consuming data from buses velocities information" classname="pt.ua.deti.es.p34.CucumberTest" time="0">
    <skipped message="TODO: implement me" type="cucumber.api.PendingException">cucumber.api.PendingException: TODO: implement me
</skipped>
    <system-out><![CDATA[2020-06-01 00:45:00.437  INFO 4528 --- [           main] o.s.t.c.support.AbstractContextLoader    : Could not detect default resource locations for test class [pt.ua.deti.es.p34.CucumberSpringContextConfiguration]: no resource found for suffixes {-context.xml, Context.groovy}.
2020-06-01 00:45:00.441  INFO 4528 --- [           main] .b.t.c.SpringBootTestContextBootstrapper : Loaded default TestExecutionListener class names from location [META-INF/spring.factories]: [org.springframework.boot.test.mock.mockito.MockitoTestExecutionListener, org.springframework.boot.test.mock.mockito.ResetMocksTestExecutionListener, org.springframework.boot.test.autoconfigure.restdocs.RestDocsTestExecutionListener, org.springframework.boot.test.autoconfigure.web.client.MockRestServiceServerResetTestExecutionListener, org.springframework.boot.test.autoconfigure.web.servlet.MockMvcPrintOnlyOnFailureTestExecutionListener, org.springframework.boot.test.autoconfigure.web.servlet.WebDriverTestExecutionListener, org.springframework.test.context.web.ServletTestExecutionListener, org.springframework.test.context.support.DirtiesContextBeforeModesTestExecutionListener, org.springframework.test.context.support.DependencyInjectionTestExecutionListener, org.springframework.test.context.support.DirtiesContextTestExecutionListener, org.springframework.test.context.transaction.TransactionalTestExecutionListener, org.springframework.test.context.jdbc.SqlScriptsTestExecutionListener, org.springframework.test.context.event.EventPublishingTestExecutionListener]
2020-06-01 00:45:00.441  INFO 4528 --- [           main] .b.t.c.SpringBootTestContextBootstrapper : Using TestExecutionListeners: [org.springframework.test.context.web.ServletTestExecutionListener@448c4742, org.springframework.test.context.support.DirtiesContextBeforeModesTestExecutionListener@308498a8, org.springframework.boot.test.mock.mockito.MockitoTestExecutionListener@118cbb26, org.springframework.boot.test.autoconfigure.SpringBootDependencyInjectionTestExecutionListener@6cca70e3, org.springframework.test.context.support.DirtiesContextTestExecutionListener@4a5a8c6f, org.springframework.test.context.transaction.TransactionalTestExecutionListener@5e8f0c54, org.springframework.test.context.jdbc.SqlScriptsTestExecutionListener@2aaed928, org.springframework.test.context.event.EventPublishingTestExecutionListener@155cf9f6, org.springframework.boot.test.mock.mockito.ResetMocksTestExecutionListener@b7b26c6, org.springframework.boot.test.autoconfigure.restdocs.RestDocsTestExecutionListener@2db07651, org.springframework.boot.test.autoconfigure.web.client.MockRestServiceServerResetTestExecutionListener@718b9d56, org.springframework.boot.test.autoconfigure.web.servlet.MockMvcPrintOnlyOnFailureTestExecutionListener@36a59d8, org.springframework.boot.test.autoconfigure.web.servlet.WebDriverTestExecutionListener@51751265]
2020-06-01 00:45:00.452  INFO 4528 --- [           main] d.e.p.CucumberSpringContextConfiguration : Spring Context Initialized For Executing Cucumber Tests
&amp#27;[33mP&amp#27;[0m&amp#27;[36m-&amp#27;[0m&amp#27;[36m-&amp#27;[0m]]></system-out>
  </testcase>
  <testcase name="Consuming data about maximum velocity to a given road" classname="pt.ua.deti.es.p34.CucumberTest" time="0">
    <skipped message="TODO: implement me" type="cucumber.api.PendingException">cucumber.api.PendingException: TODO: implement me
</skipped>
    <system-out><![CDATA[2020-06-01 00:45:00.458  INFO 4528 --- [           main] o.s.t.c.support.AbstractContextLoader    : Could not detect default resource locations for test class [pt.ua.deti.es.p34.CucumberSpringContextConfiguration]: no resource found for suffixes {-context.xml, Context.groovy}.
2020-06-01 00:45:00.460  INFO 4528 --- [           main] .b.t.c.SpringBootTestContextBootstrapper : Loaded default TestExecutionListener class names from location [META-INF/spring.factories]: [org.springframework.boot.test.mock.mockito.MockitoTestExecutionListener, org.springframework.boot.test.mock.mockito.ResetMocksTestExecutionListener, org.springframework.boot.test.autoconfigure.restdocs.RestDocsTestExecutionListener, org.springframework.boot.test.autoconfigure.web.client.MockRestServiceServerResetTestExecutionListener, org.springframework.boot.test.autoconfigure.web.servlet.MockMvcPrintOnlyOnFailureTestExecutionListener, org.springframework.boot.test.autoconfigure.web.servlet.WebDriverTestExecutionListener, org.springframework.test.context.web.ServletTestExecutionListener, org.springframework.test.context.support.DirtiesContextBeforeModesTestExecutionListener, org.springframework.test.context.support.DependencyInjectionTestExecutionListener, org.springframework.test.context.support.DirtiesContextTestExecutionListener, org.springframework.test.context.transaction.TransactionalTestExecutionListener, org.springframework.test.context.jdbc.SqlScriptsTestExecutionListener, org.springframework.test.context.event.EventPublishingTestExecutionListener]
2020-06-01 00:45:00.461  INFO 4528 --- [           main] .b.t.c.SpringBootTestContextBootstrapper : Using TestExecutionListeners: [org.springframework.test.context.web.ServletTestExecutionListener@520e6089, org.springframework.test.context.support.DirtiesContextBeforeModesTestExecutionListener@2ff2a096, org.springframework.boot.test.mock.mockito.MockitoTestExecutionListener@59c2bf78, org.springframework.boot.test.autoconfigure.SpringBootDependencyInjectionTestExecutionListener@44f8d884, org.springframework.test.context.support.DirtiesContextTestExecutionListener@65d3e2ba, org.springframework.test.context.transaction.TransactionalTestExecutionListener@5f9f1886, org.springframework.test.context.jdbc.SqlScriptsTestExecutionListener@136a5572, org.springframework.test.context.event.EventPublishingTestExecutionListener@11548363, org.springframework.boot.test.mock.mockito.ResetMocksTestExecutionListener@6be865c1, org.springframework.boot.test.autoconfigure.restdocs.RestDocsTestExecutionListener@4c140b12, org.springframework.boot.test.autoconfigure.web.client.MockRestServiceServerResetTestExecutionListener@d140627, org.springframework.boot.test.autoconfigure.web.servlet.MockMvcPrintOnlyOnFailureTestExecutionListener@386ec37d, org.springframework.boot.test.autoconfigure.web.servlet.WebDriverTestExecutionListener@10007fdc]
2020-06-01 00:45:00.464  INFO 4528 --- [           main] d.e.p.CucumberSpringContextConfiguration : Spring Context Initialized For Executing Cucumber Tests
&amp#27;[33mP&amp#27;[0m&amp#27;[36m-&amp#27;[0m&amp#27;[36m-&amp#27;[0m]]></system-out>
  </testcase>
  <testcase name="I want to access the system to find the best path" classname="pt.ua.deti.es.p34.CucumberTest" time="2.49"/>
  <testcase name="I report the fails on road congestion predicts" classname="pt.ua.deti.es.p34.CucumberTest" time="0">
    <skipped message="TODO: implement me" type="cucumber.api.PendingException">cucumber.api.PendingException: TODO: implement me
</skipped>
    <system-out><![CDATA[2020-06-01 00:45:02.994  INFO 4528 --- [           main] o.s.t.c.support.AbstractContextLoader    : Could not detect default resource locations for test class [pt.ua.deti.es.p34.CucumberSpringContextConfiguration]: no resource found for suffixes {-context.xml, Context.groovy}.
2020-06-01 00:45:02.998  INFO 4528 --- [           main] .b.t.c.SpringBootTestContextBootstrapper : Loaded default TestExecutionListener class names from location [META-INF/spring.factories]: [org.springframework.boot.test.mock.mockito.MockitoTestExecutionListener, org.springframework.boot.test.mock.mockito.ResetMocksTestExecutionListener, org.springframework.boot.test.autoconfigure.restdocs.RestDocsTestExecutionListener, org.springframework.boot.test.autoconfigure.web.client.MockRestServiceServerResetTestExecutionListener, org.springframework.boot.test.autoconfigure.web.servlet.MockMvcPrintOnlyOnFailureTestExecutionListener, org.springframework.boot.test.autoconfigure.web.servlet.WebDriverTestExecutionListener, org.springframework.test.context.web.ServletTestExecutionListener, org.springframework.test.context.support.DirtiesContextBeforeModesTestExecutionListener, org.springframework.test.context.support.DependencyInjectionTestExecutionListener, org.springframework.test.context.support.DirtiesContextTestExecutionListener, org.springframework.test.context.transaction.TransactionalTestExecutionListener, org.springframework.test.context.jdbc.SqlScriptsTestExecutionListener, org.springframework.test.context.event.EventPublishingTestExecutionListener]
2020-06-01 00:45:03.003  INFO 4528 --- [           main] .b.t.c.SpringBootTestContextBootstrapper : Using TestExecutionListeners: [org.springframework.test.context.web.ServletTestExecutionListener@699fe19f, org.springframework.test.context.support.DirtiesContextBeforeModesTestExecutionListener@2357f000, org.springframework.boot.test.mock.mockito.MockitoTestExecutionListener@329b4b8b, org.springframework.boot.test.autoconfigure.SpringBootDependencyInjectionTestExecutionListener@6124a7c0, org.springframework.test.context.support.DirtiesContextTestExecutionListener@77a13162, org.springframework.test.context.transaction.TransactionalTestExecutionListener@6bea0866, org.springframework.test.context.jdbc.SqlScriptsTestExecutionListener@3c5d183, org.springframework.test.context.event.EventPublishingTestExecutionListener@471b7c9c, org.springframework.boot.test.mock.mockito.ResetMocksTestExecutionListener@39cf7f3c, org.springframework.boot.test.autoconfigure.restdocs.RestDocsTestExecutionListener@25df95b, org.springframework.boot.test.autoconfigure.web.client.MockRestServiceServerResetTestExecutionListener@2fb9695a, org.springframework.boot.test.autoconfigure.web.servlet.MockMvcPrintOnlyOnFailureTestExecutionListener@33da0fad, org.springframework.boot.test.autoconfigure.web.servlet.WebDriverTestExecutionListener@712eb075]
2020-06-01 00:45:03.005  INFO 4528 --- [           main] d.e.p.CucumberSpringContextConfiguration : Spring Context Initialized For Executing Cucumber Tests
&amp#27;[33mP&amp#27;[0m&amp#27;[36m-&amp#27;[0m&amp#27;[36m-&amp#27;[0m]]></system-out>
  </testcase>
</testsuite>